app/proguard-rules.pro
# Add project specific ProGuard rules here.
# You can control the set of applied configuration files using the
# proguardFiles setting in build.gradle.
#
# For more details, see
#   http://developer.android.com/guide/developing/tools/proguard.html

# If your project uses WebView with JS, uncomment the following
# and specify the fully qualified class name to the JavaScript interface
# class:
#-keepclassmembers class fqcn.of.javascript.interface.for.webview {
#   public *;
#}

# Uncomment this to preserve the line number information for
# debugging stack traces.
#-keepattributes SourceFile,LineNumberTable

# If you keep the line number information, uncomment this to
# hide the original source file name.
#-renamesourcefileattribute SourceFile


# 指定代码的压缩级别
-optimizationpasses 5
# 是否使用大小写混合
-dontusemixedcaseclassnames
# 是否混淆第三方jar
-dontskipnonpubliclibraryclasses
-dontoptimize
# 预校验
-dontpreverify
# 混淆时是否记录日志
-verbose
# 混淆时所采用的算法
-optimizations !code/simplification/arithmetic,!field/*,!class/merging/*
# 保护注解
-keepattributes *Annotation*
#避免混淆泛型 如果混淆报错建议关掉
-keepattributes Signature



##记录生成的日志数据,gradle build时在本项目根目录输出##

#apk 包内所有 class 的内部结构
-dump class_files.txt
#未混淆的类和成员
-printseeds seeds.txt
#列出从 apk 中删除的代码
-printusage unused.txt
#混淆前后的映射
-printmapping mapping.txt

#保持 native 方法不被混淆
-keepclasseswithmembernames class * {
    native <methods>;
}