app/seeds.txt
com.elinkthings.ailinkmqttdemo.MainActivity
com.elinkthings.ailinkmqttdemo.PublicMqttActivity
com.elinkthings.ailinkmqttdemo.MainActivity: MainActivity()
com.elinkthings.ailinkmqttdemo.AppBaseActivity: AppBaseActivity()
com.elinkthings.ailinkmqttdemo.PublicMqttActivity: void onClick(android.view.View)
com.elinkthings.ailinkmqttdemo.PublicMqttActivity: PublicMqttActivity()
...
androidx.core.app.ActivityCompat$Api16Impl: void startActivityForResult(android.app.Activity,android.content.Intent,int,android.os.Bundle)
androidx.recyclerview.widget.RecyclerView: androidx.recyclerview.widget.RecyclerView$OnFlingListener getOnFlingListener()
com.google.android.material.floatingactionbutton.ExtendedFloatingActionButton$ExtendedFloatingActionButtonBehavior: ExtendedFloatingActionButton$ExtendedFloatingActionButtonBehavior()
com.google.android.material.appbar.HeaderBehavior: HeaderBehavior()
androidx.appcompat.widget.AppCompatMultiAutoCompleteTextView: android.content.res.ColorStateList getSupportBackgroundTintList()
androidx.appcompat.widget.ActionBarContainer: void setTabContainer(androidx.appcompat.widget.ScrollingTabContainerView)
androidx.core.view.WindowInsetsCompat$Impl20: void loadReflectionField()
androidx.cardview.widget.CardView: float getMaxCardElevation()
androidx.appcompat.widget.AppCompatAutoCompleteTextView: void setDropDownBackgroundResource(int)
com.google.android.material.floatingactionbutton.FloatingActionButton: int getExpandedComponentIdHint()
androidx.appcompat.widget.ActionMenuView: void setPresenter(androidx.appcompat.widget.ActionMenuPresenter)
com.google.android.material.floatingactionbutton.FloatingActionButton: android.content.res.ColorStateList getSupportBackgroundTintList()
com.google.android.material.internal.NavigationMenuItemView: void setIcon(android.graphics.drawable.Drawable)
androidx.core.view.ViewCompat$Api17Impl: boolean isPaddingRelative(android.view.View)
androidx.appcompat.widget.AppCompatButton: int getAutoSizeTextType()
androidx.appcompat.widget.AppCompatButton: int getAutoSizeStepGranularity()
androidx.appcompat.widget.Toolbar: Toolbar(android.content.Context,android.util.AttributeSet)
androidx.vectordrawable.graphics.drawable.VectorDrawableCompat$VFullPath: void setTrimPathOffset(float)
com.google.android.material.checkbox.MaterialCheckBox: void setEnabled(boolean)
com.google.android.material.internal.NavigationMenuItemView: void setTextColor(android.content.res.ColorStateList)
androidx.core.view.ViewCompat$Api26Impl: int getNextClusterForwardId(android.view.View)
com.google.android.material.internal.FlowLayout: int getItemSpacing()
androidx.appcompat.widget.AppCompatImageButton: void setSupportImageTintMode(android.graphics.PorterDuff$Mode)
androidx.appcompat.view.menu.ActionMenuItemView: java.lang.CharSequence getAccessibilityClassName()
com.google.android.material.card.MaterialCardView: android.content.res.ColorStateList getCardForegroundColor()
androidx.appcompat.widget.AppCompatTextView: void setAllCaps(boolean)
androidx.appcompat.widget.ContentFrameLayout: android.util.TypedValue getFixedHeightMinor()
com.google.android.material.card.MaterialCardView: void setCheckedIconSizeResource(int)
androidx.core.view.MenuItemCompat$Api26Impl: android.graphics.PorterDuff$Mode getIconTintMode(android.view.MenuItem)
androidx.appcompat.widget.Toolbar: void setLogo(android.graphics.drawable.Drawable)
androidx.lifecycle.ProcessLifecycleOwner$attach$1$onActivityPreCreated$1: void onActivityPostResumed(android.app.Activity)
com.google.android.material.textfield.TextInputEditText: TextInputEditText(android.content.Context,android.util.AttributeSet)
com.google.android.material.button.MaterialButton: android.content.res.ColorStateList getStrokeColor()
com.google.android.material.chip.Chip: void setChipCornerRadius(float)
androidx.lifecycle.ReportFragment$LifecycleCallbacks: void onActivityPaused(android.app.Activity)
androidx.core.view.ViewParentCompat$Api21Impl: boolean onStartNestedScroll(android.view.ViewParent,android.view.View,android.view.View,int)
com.google.android.material.internal.ForegroundLinearLayout: ForegroundLinearLayout(android.content.Context,android.util.AttributeSet)
com.google.android.material.timepicker.TimePickerView: TimePickerView(android.content.Context,android.util.AttributeSet)