app/mapping.txt
# compiler: R8
# compiler_version: 3.1.66
# min_api: 24
# pg_map_id: 40ef5ec
# common_typos_disable
# {"id":"com.android.tools.r8.mapping","version":"1.0"}
com.elinkthings.ailinkmqttdemo.AppBaseActivity -> com.elinkthings.ailinkmqttdemo.a:
    android.content.Context mContext -> B
    android.os.Handler mHandler -> D
    java.lang.String TAG -> C
    35:41:void <init>() -> <init>
    124:132:void init() -> F
    65:65:void SaveActivityData(android.os.Bundle) -> Z
    157:157:void addInit() -> a0
    int getLayoutId() -> b0
    117:117:android.view.View getLayoutView() -> c0
    143:150:java.lang.String getVersionName(android.content.Context) -> d0
    void initData() -> e0
    void initListener() -> f0
    void initView() -> g0
    96:101:void initWindows() -> h0
    212:213:void myFinish() -> i0
    void uiHandlerMessage(android.os.Message) -> j0
    46:61:void onCreate(android.os.Bundle) -> onCreate
    249:253:void onDestroy() -> onDestroy
    201:205:boolean onKeyDown(int,android.view.KeyEvent) -> onKeyDown
    187:192:boolean onOptionsItemSelected(android.view.MenuItem) -> onOptionsItemSelected
    237:238:void onPause() -> onPause
    227:228:void onRestart() -> onRestart
    232:233:void onResume() -> onResume
    222:223:void onStart() -> onStart
    243:244:void onStop() -> onStop
com.elinkthings.ailinkmqttdemo.AppBaseActivity$MyHandler -> com.elinkthings.ailinkmqttdemo.a$a:
    java.lang.ref.WeakReference mActivity -> a
    74:76:void <init>(com.elinkthings.ailinkmqttdemo.AppBaseActivity) -> <init>
    80:84:void handleMessage(android.os.Message) -> handleMessage
com.elinkthings.ailinkmqttdemo.BleStrUtils -> j1.a:
    19:34:java.lang.String byte2HexStr(byte[]) -> a
    63:63:java.lang.String getHexString(int) -> b
com.elinkthings.ailinkmqttdemo.MainActivity -> com.elinkthings.ailinkmqttdemo.MainActivity:
    9:9:void <init>() -> <init>
    void $r8$lambda$k3XTG0sMz8h0TeOt9FyUHTRoKKg(com.elinkthings.ailinkmqttdemo.MainActivity,android.view.View) -> Z
      # {"id":"com.android.tools.r8.synthesized"}
    17:18:void onCreate$lambda$0(com.elinkthings.ailinkmqttdemo.MainActivity,android.view.View) -> a0
    11:19:void onCreate(android.os.Bundle) -> onCreate
com.elinkthings.ailinkmqttdemo.PublicMqttActivity -> com.elinkthings.ailinkmqttdemo.PublicMqttActivity:
    android.widget.EditText etAppUserId -> F
    android.widget.ListView lv_log -> M
    android.widget.EditText etSendDataDeviceId -> I
    android.widget.ArrayAdapter listAdapter -> L
    android.widget.EditText etSendData -> H
    android.widget.EditText etDeviceId -> G
    java.lang.String mMac -> N
    int REFRESH_DATA -> E
    android.widget.TextView tvDeviceList -> J
    java.util.List mList -> K
    28:43:void <init>() -> <init>
    54:54:int getLayoutId() -> b0
    179:182:void initData() -> e0
    59:101:void initListener() -> f0
    186:199:void initView() -> g0
    110:111:void onSendSuccess(java.lang.String,java.lang.String,byte[]) -> h
    47:50:void uiHandlerMessage(android.os.Message) -> j0
    28:28:void access$000(com.elinkthings.ailinkmqttdemo.PublicMqttActivity,java.lang.String) -> k0
    120:121:void onOtherMessage(java.lang.String,java.lang.String,byte[]) -> l
    213:216:void addLog(java.lang.String) -> l0
    115:116:void onSendFailure(java.lang.String,java.lang.String,byte[],int,int) -> m
    202:205:void refreshDeviceList() -> m0
    105:106:void onMessage(java.lang.String,java.lang.String,int,byte[]) -> o
    125:175:void onClick(android.view.View) -> onClick
com.elinkthings.ailinkmqttdemo.PublicMqttActivity$1 -> com.elinkthings.ailinkmqttdemo.PublicMqttActivity$a:
    com.elinkthings.ailinkmqttdemo.PublicMqttActivity this$0 -> a
    59:59:void <init>(com.elinkthings.ailinkmqttdemo.PublicMqttActivity) -> <init>
    67:68:void onConnecting() -> a
    72:73:void onDisconnect(int) -> b
    77:90:void onSubscribeSuccess(java.lang.String[]) -> c
    62:63:void onConnected() -> d
    94:99:void onSubscribeFail(java.lang.String[]) -> e
...
androidx.core.view.ViewPropertyAnimatorListenerAdapter -> k0.i0:
    29:29:void <init>() -> <init>
    36:36:void onAnimationStart(android.view.View) -> b
    51:51:void onAnimationCancel(android.view.View) -> c
androidx.core.view.ViewPropertyAnimatorUpdateListener -> k0.j0:
    void onAnimationUpdate(android.view.View) -> a
androidx.core.view.WindowCompat -> k0.k0:
    135:135:androidx.core.view.WindowInsetsControllerCompat getInsetsController(android.view.Window,android.view.View) -> a
    118:123:void setDecorFitsSystemWindows(android.view.Window,boolean) -> b
androidx.core.view.WindowCompat$Api16Impl -> k0.k0$a:
    147:156:void setDecorFitsSystemWindows(android.view.Window,boolean) -> a
androidx.core.view.WindowCompat$Api30Impl -> k0.k0$b:
    168:169:void setDecorFitsSystemWindows(android.view.Window,boolean) -> a
androidx.core.view.WindowInsetsAnimationCompat -> k0.l0:
    androidx.core.view.WindowInsetsAnimationCompat$Impl mImpl -> a
    76:84:void <init>(int,android.view.animation.Interpolator,long) -> <init>
    88:92:void <init>(android.view.WindowInsetsAnimation) -> <init>
    170:170:long getDurationMillis() -> a
    150:150:float getInterpolatedFraction() -> b
    99:99:int getTypeMask() -> c
    525:531:void setCallback(android.view.View,androidx.core.view.WindowInsetsAnimationCompat$Callback) -> d
    186:187:void setFraction(float) -> e
    331:331:androidx.core.view.WindowInsetsAnimationCompat toWindowInsetsAnimationCompat(android.view.WindowInsetsAnimation) -> f
androidx.core.view.WindowInsetsAnimationCompat$BoundsCompat -> k0.l0$a:
    androidx.core.graphics.Insets mUpperBound -> b
    androidx.core.graphics.Insets mLowerBound -> a
    222:225:void <init>(androidx.core.graphics.Insets,androidx.core.graphics.Insets) -> <init>
    228:231:void <init>(android.view.WindowInsetsAnimation$Bounds) -> <init>
    254:254:androidx.core.graphics.Insets getLowerBound() -> a
    278:278:androidx.core.graphics.Insets getUpperBound() -> b
    314:314:android.view.WindowInsetsAnimation$Bounds toBounds() -> c
    324:324:androidx.core.view.WindowInsetsAnimationCompat$BoundsCompat toBoundsCompat(android.view.WindowInsetsAnimation$Bounds) -> d
    305:305:java.lang.String toString() -> toString
androidx.core.view.WindowInsetsAnimationCompat$Callback -> k0.l0$b:
    android.view.WindowInsets mDispachedInsets -> a
    int mDispatchMode -> b
    372:374:void <init>(int) -> <init>
    397:397:int getDispatchMode() -> a
    void onEnd(androidx.core.view.WindowInsetsAnimationCompat) -> b
    void onPrepare(androidx.core.view.WindowInsetsAnimationCompat) -> c
    androidx.core.view.WindowInsetsCompat onProgress(androidx.core.view.WindowInsetsCompat,java.util.List) -> d
    androidx.core.view.WindowInsetsAnimationCompat$BoundsCompat onStart(androidx.core.view.WindowInsetsAnimationCompat,androidx.core.view.WindowInsetsAnimationCompat$BoundsCompat) -> e
androidx.core.view.WindowInsetsAnimationCompat$Impl -> k0.l0$e:
    android.view.animation.Interpolator mInterpolator -> c
    float mFraction -> b
    long mDurationMillis -> d
    int mTypeMask -> a
    542:546:void <init>(int,android.view.animation.Interpolator,long) -> <init>
    569:569:long getDurationMillis() -> a
    557:560:float getInterpolatedFraction() -> b
    549:549:int getTypeMask() -> c
    577:578:void setFraction(float) -> d