app/unused.txt
com.elinkthings.ailinkmqttdemo.AppBaseActivity:
    protected void onClickRight()
com.elinkthings.ailinkmqttdemo.BleStrUtils:
    public void <init>()
    public static java.lang.String byte2HexStrToUpperCase(byte[])
    private static byte charToByte(char)
    public static int getBits(byte,int,int)
    public static int[] getBits(byte)
    public static java.lang.String littleBytes2MacStr(byte[])
    public static java.lang.String str2HexStr(java.lang.String)
    public static byte[] stringToByte(java.lang.String)
    public static byte[] stringToBytes(java.lang.String)
com.elinkthings.ailinkmqttdemo.BuildConfig
com.elinkthings.ailinkmqttdemo.PublicMqttActivity:
    private byte[] getMacByte(java.lang.String)
com.elinkthings.ailinkmqttdemo.R$color
com.elinkthings.ailinkmqttdemo.R$drawable
com.elinkthings.ailinkmqttdemo.R$id
com.elinkthings.ailinkmqttdemo.R$layout
com.elinkthings.ailinkmqttdemo.R$mipmap
com.elinkthings.ailinkmqttdemo.R$string
com.elinkthings.ailinkmqttdemo.R$style
com.elinkthings.ailinkmqttdemo.R$xml
com.elinkthings.ailinkmqttdemo.R
com.elinkthings.ailinkmqttdemo.TimeUtils:
    public void <init>()
    public static java.lang.String getDateString()
    public static int getDay()
    public static int getHour()
    public static int getMinute()
    public static int getMonth()
    public static java.lang.String getTime()
    public static java.lang.String getTime(long)
    public static int[] getTimeArr()
    public static java.lang.String getTimeM()
    public static int getYear()
...
kotlinx.coroutines.internal.InlineList
kotlinx.coroutines.internal.InternalAnnotationsKt
kotlinx.coroutines.internal.LimitedDispatcher
kotlinx.coroutines.internal.LimitedDispatcherKt
kotlinx.coroutines.internal.LocalAtomicsKt
kotlinx.coroutines.internal.LocalAtomics_commonKt
kotlinx.coroutines.internal.LockFreeLinkedListHead
kotlinx.coroutines.internal.LockFreeLinkedListKt
kotlinx.coroutines.internal.LockFreeLinkedListNode$AbstractAtomicDesc
kotlinx.coroutines.internal.LockFreeLinkedListNode$AddLastDesc
kotlinx.coroutines.internal.LockFreeLinkedListNode$CondAddOp
kotlinx.coroutines.internal.LockFreeLinkedListNode$PrepareOp
kotlinx.coroutines.internal.LockFreeLinkedListNode$RemoveFirstDesc
kotlinx.coroutines.internal.LockFreeLinkedListNode$makeCondAddOp$1
kotlinx.coroutines.internal.LockFreeLinkedListNode$toString$1
kotlinx.coroutines.internal.LockFreeLinkedListNode
kotlinx.coroutines.internal.LockFreeLinkedList_commonKt
kotlinx.coroutines.internal.LockFreeTaskQueue
kotlinx.coroutines.internal.LockFreeTaskQueueCore$Companion
kotlinx.coroutines.internal.LockFreeTaskQueueCore$Placeholder
kotlinx.coroutines.internal.LockFreeTaskQueueCore
kotlinx.coroutines.internal.LockFreeTaskQueueKt
kotlinx.coroutines.internal.MainDispatcherFactory$DefaultImpls
kotlinx.coroutines.internal.MainDispatcherFactory
kotlinx.coroutines.internal.MainDispatcherLoader
kotlinx.coroutines.internal.MainDispatchersKt
kotlinx.coroutines.internal.MissingMainCoroutineDispatcher
kotlinx.coroutines.internal.MissingMainCoroutineDispatcherFactory
kotlinx.coroutines.internal.OnUndeliveredElementKt$bindCancellationFun$1
kotlinx.coroutines.internal.OnUndeliveredElementKt
kotlinx.coroutines.internal.OpDescriptor
kotlinx.coroutines.internal.ProbesSupportKt
kotlinx.coroutines.internal.Removed
kotlinx.coroutines.internal.ResizableAtomicArray
kotlinx.coroutines.internal.ScopeCoroutine
kotlinx.coroutines.internal.Segment
kotlinx.coroutines.internal.SegmentOrClosed
kotlinx.coroutines.internal.StackTraceRecoveryKt
kotlinx.coroutines.internal.Symbol
kotlinx.coroutines.internal.SynchronizedKt
kotlinx.coroutines.internal.SystemPropsKt
kotlinx.coroutines.internal.SystemPropsKt__SystemPropsKt
kotlinx.coroutines.internal.SystemPropsKt__SystemProps_commonKt
kotlinx.coroutines.internal.ThreadContextKt$countAll$1
kotlinx.coroutines.internal.ThreadContextKt$findOne$1
kotlinx.coroutines.internal.ThreadContextKt$updateState$1
kotlinx.coroutines.internal.ThreadContextKt
kotlinx.coroutines.internal.ThreadLocalElement
kotlinx.coroutines.internal.ThreadLocalKey
kotlinx.coroutines.internal.ThreadLocalKt
kotlinx.coroutines.internal.ThreadSafeHeap
kotlinx.coroutines.internal.ThreadSafeHeapNode
kotlinx.coroutines.internal.ThreadState
kotlinx.coroutines.internal.UndeliveredElementException
kotlinx.coroutines.internal.WeakMapCtorCache
kotlinx.coroutines.intrinsics.CancellableKt
kotlinx.coroutines.intrinsics.UndispatchedKt
kotlinx.coroutines.scheduling.CoroutineScheduler$Companion
kotlinx.coroutines.scheduling.CoroutineScheduler$WhenMappings
kotlinx.coroutines.scheduling.CoroutineScheduler$Worker
kotlinx.coroutines.scheduling.CoroutineScheduler$WorkerState
kotlinx.coroutines.scheduling.CoroutineScheduler
kotlinx.coroutines.scheduling.CoroutineSchedulerKt
kotlinx.coroutines.scheduling.DefaultIoScheduler
kotlinx.coroutines.scheduling.DefaultScheduler
kotlinx.coroutines.scheduling.ExperimentalCoroutineDispatcher
kotlinx.coroutines.scheduling.GlobalQueue
kotlinx.coroutines.scheduling.LimitingDispatcher
kotlinx.coroutines.scheduling.NanoTimeSource
kotlinx.coroutines.scheduling.SchedulerCoroutineDispatcher
kotlinx.coroutines.scheduling.SchedulerTimeSource
kotlinx.coroutines.scheduling.Task
kotlinx.coroutines.scheduling.TaskContext
kotlinx.coroutines.scheduling.TaskContextImpl
kotlinx.coroutines.scheduling.TaskImpl
kotlinx.coroutines.scheduling.TasksKt
kotlinx.coroutines.scheduling.UnlimitedIoScheduler
kotlinx.coroutines.scheduling.WorkQueue
kotlinx.coroutines.scheduling.WorkQueueKt